<?xml version="1.0" encoding="UTF-8"?>
<!-- Generated by org.testng.reporters.JUnitReportReporter -->
<testsuite hostname="QSP" failures="0" tests="1" name="validations.Test7" time="7.037" errors="0" timestamp="2021-05-22T10:30:04 IST" skipped="0">
  <testcase classname="validations.Test7" name="demo" time="7.037"/>
</testsuite> <!-- validations.Test7 -->
