<?xml version="1.0" encoding="UTF-8"?>
<!-- Generated by org.testng.reporters.JUnitReportReporter -->
<testsuite hostname="QSP" failures="0" tests="1" name="validations.Test0" time="4.878" errors="0" timestamp="2021-05-22T09:00:36 IST" skipped="0">
  <testcase classname="validations.Test0" name="getThereq" time="4.878"/>
</testsuite> <!-- validations.Test0 -->
