<?xml version="1.0" encoding="UTF-8"?>
<!-- Generated by org.testng.reporters.JUnitReportReporter -->
<testsuite hostname="QSP" failures="0" tests="1" name="httprequest.Test7" time="4.261" errors="0" timestamp="2021-05-15T10:58:22 IST" skipped="0">
  <testcase classname="httprequest.Test7" name="deletereq" time="4.261"/>
</testsuite> <!-- httprequest.Test7 -->
