<?xml version="1.0" encoding="UTF-8"?>
<!-- Generated by org.testng.reporters.JUnitReportReporter -->
<testsuite hostname="QSP" failures="0" tests="1" name="serialization.ContentTypeSerilaization" time="6.385" errors="0" timestamp="2021-05-23T10:15:38 IST" skipped="0">
  <testcase classname="serialization.ContentTypeSerilaization" name="postBDD" time="6.385"/>
</testsuite> <!-- serialization.ContentTypeSerilaization -->
