<?xml version="1.0" encoding="UTF-8"?>
<!-- Generated by org.testng.reporters.JUnitReportReporter -->
<testsuite hostname="QSP" failures="0" tests="1" name="httprequest.Test3" time="4.504" errors="0" timestamp="2021-05-15T10:58:38 IST" skipped="0">
  <testcase classname="httprequest.Test3" name="getThereq" time="4.504"/>
</testsuite> <!-- httprequest.Test3 -->
