<?xml version="1.0" encoding="UTF-8"?>
<!-- Generated by org.testng.reporters.JUnitReportReporter -->
<testsuite hostname="QSP" failures="0" tests="1" name="httprequest.CreateARequest" time="4.433" errors="0" timestamp="2021-05-15T10:18:24 IST" skipped="0">
  <testcase classname="httprequest.CreateARequest" name="getRequest" time="4.433"/>
</testsuite> <!-- httprequest.CreateARequest -->
