<?xml version="1.0" encoding="UTF-8"?>
<!-- Generated by org.testng.reporters.JUnitReportReporter -->
<testsuite hostname="QSP" failures="0" tests="1" name="httprequest.Test5" time="4.669" errors="0" timestamp="2021-05-15T10:52:10 IST" skipped="0">
  <testcase classname="httprequest.Test5" name="postBDD" time="4.669"/>
</testsuite> <!-- httprequest.Test5 -->
