<?xml version="1.0" encoding="UTF-8"?>
<!-- Generated by org.testng.reporters.JUnitReportReporter -->
<testsuite hostname="QSP" failures="0" tests="1" name="validations.Test5" time="6.090" errors="0" timestamp="2021-05-22T10:02:50 IST" skipped="0">
  <testcase classname="validations.Test5" name="demo" time="6.090"/>
</testsuite> <!-- validations.Test5 -->
