<?xml version="1.0" encoding="UTF-8"?>
<!-- Generated by org.testng.reporters.JUnitReportReporter -->
<testsuite hostname="QSP" failures="0" tests="1" name="validations.Test6" time="6.601" errors="0" timestamp="2021-05-22T10:14:23 IST" skipped="0">
  <testcase classname="validations.Test6" name="demo" time="6.601"/>
</testsuite> <!-- validations.Test6 -->
