<?xml version="1.0" encoding="UTF-8"?>
<!-- Generated by org.testng.reporters.JUnitReportReporter -->
<testsuite hostname="QSP" failures="0" tests="1" name="httprequest.Test6" time="4.755" errors="0" timestamp="2021-05-15T10:55:46 IST" skipped="0">
  <testcase classname="httprequest.Test6" name="patchreq" time="4.755"/>
</testsuite> <!-- httprequest.Test6 -->
