<?xml version="1.0" encoding="UTF-8"?>
<!-- Generated by org.testng.reporters.JUnitReportReporter -->
<testsuite hostname="QSP" failures="0" tests="1" name="httprequest.Test4" time="4.396" errors="0" timestamp="2021-05-15T10:47:59 IST" skipped="0">
  <testcase classname="httprequest.Test4" name="postreq" time="4.396"/>
</testsuite> <!-- httprequest.Test4 -->
