<?xml version="1.0" encoding="UTF-8"?>
<!-- Generated by org.testng.reporters.JUnitReportReporter -->
<testsuite hostname="QSP" failures="0" tests="1" name="validations.Test1" time="6.700" errors="0" timestamp="2021-05-22T09:22:46 IST" skipped="0">
  <testcase classname="validations.Test1" name="getThereq" time="6.700"/>
</testsuite> <!-- validations.Test1 -->
