<?xml version="1.0" encoding="UTF-8"?>
<!-- Generated by org.testng.reporters.JUnitReportReporter -->
<testsuite hostname="QSP" failures="0" tests="1" name="validations.Test3" time="5.890" errors="0" timestamp="2021-05-22T09:35:04 IST" skipped="0">
  <testcase classname="validations.Test3" name="getThereq" time="5.890"/>
</testsuite> <!-- validations.Test3 -->
