<?xml version="1.0" encoding="UTF-8"?>
<!-- Generated by org.testng.reporters.JUnitReportReporter -->
<testsuite hostname="QSP" failures="0" tests="1" name="validations.Test4" time="5.916" errors="0" timestamp="2021-05-22T09:44:35 IST" skipped="0">
  <testcase classname="validations.Test4" name="demo" time="5.916"/>
</testsuite> <!-- validations.Test4 -->
